[0mCompiling "target/cljsbuild/public/js/app.js" from ["src/cljs" "src/cljc" "env/dev/cljs"]...[0m
[36m----  Compiler Warning on   target/cljsbuild/public/js/out/om/util.cljc   line:19  column:1  ----[0m

  [1mident? already refers to: cljs.core/ident? being replaced by: om.util/ident?[0m

  [36m15[0m  [36m  #?(:cljs {:tag boolean})[0m
  [36m16[0m  [36m  (let [x (if (seq? x) (first x) x)][0m
  [36m17[0m  [36m    (map? x)))[0m
  [36m18[0m  [36m[0m
  [33m19[0m  [1m(defn ident?[0m
  [0m  [0m  [33m^--- ident? already refers to: cljs.core/ident? being replaced by: om.util/ident?[0m
  [36m20[0m  [36m  "Returns true if x is an ident."[0m
  [36m21[0m  [36m  #?(:cljs {:tag boolean})[0m
  [36m22[0m  [36m  [x][0m
  [36m23[0m  [36m  (and (vector? x)[0m
  [36m24[0m  [36m    (== 2 (count x))[0m

[36m----  Compiler Warning : Please see target/cljsbuild/public/js/out/om/util.cljc  ----[0m
[36m----  Compiler Warning on   target/cljsbuild/public/js/out/om/dom.cljs   line:9  column:1  ----[0m

  [1mCan't take value of macro cljs.core/use[0m

  [36m 5[0m  [36m            [cljsjs.react.dom][0m
  [36m 6[0m  [36m            [om.util :as util][0m
  [36m 7[0m  [36m            [goog.object :as gobj]))[0m
  [36m 8[0m  [36m[0m
  [33m 9[0m  [1m(dom/gen-react-dom-fns)[0m
  [0m  [0m  [33m^--- Can't take value of macro cljs.core/use[0m
  [36m10[0m  [36m[0m
  [36m11[0m  [36m(defn wrap-form-element [ctor display-name][0m
  [36m12[0m  [36m  (js/React.createFactory[0m
  [36m13[0m  [36m    (js/React.createClass[0m
  [36m14[0m  [36m      #js[0m

[36m----  Compiler Warning : Please see target/cljsbuild/public/js/out/om/dom.cljs  ----[0m
[36m----  Compiler Warning on   target/cljsbuild/public/js/out/om/dom.cljs   line:9  column:1  ----[0m

  [1muse already refers to: cljs.core/use being replaced by: om.dom/use[0m

  [36m 5[0m  [36m            [cljsjs.react.dom][0m
  [36m 6[0m  [36m            [om.util :as util][0m
  [36m 7[0m  [36m            [goog.object :as gobj]))[0m
  [36m 8[0m  [36m[0m
  [33m 9[0m  [1m(dom/gen-react-dom-fns)[0m
  [0m  [0m  [33m^--- use already refers to: cljs.core/use being replaced by: om.dom/use[0m
  [36m10[0m  [36m[0m
  [36m11[0m  [36m(defn wrap-form-element [ctor display-name][0m
  [36m12[0m  [36m  (js/React.createFactory[0m
  [36m13[0m  [36m    (js/React.createClass[0m
  [36m14[0m  [36m      #js[0m

[36m----  Compiler Warning : Please see target/cljsbuild/public/js/out/om/dom.cljs  ----[0m
[36m----  Compiler Warning on   target/cljsbuild/public/js/out/cognitect/transit.cljs   line:342  column:1  ----[0m

  [1muuid? already refers to: cljs.core/uuid? being replaced by: cognitect.transit/uuid?[0m

  [36m338[0m  [36m  "Construct a UUID from a string."[0m
  [36m339[0m  [36m  [s][0m
  [36m340[0m  [36m  (ty/uuid s))[0m
  [36m341[0m  [36m[0m
  [33m342[0m  [1m(defn uuid?[0m
  [0m   [0m  [33m^--- uuid? already refers to: cljs.core/uuid? being replaced by: cognitect.transit/uuid?[0m
  [36m343[0m  [36m  "Returns true if x is a transit UUID value, false otherwise."[0m
  [36m344[0m  [36m  [x][0m
  [36m345[0m  [36m  (or (ty/isUUID x) (instance? UUID x)))[0m
  [36m346[0m  [36m[0m
  [36m347[0m  [36m(defn binary[0m

[36m----  Compiler Warning : Please see target/cljsbuild/public/js/out/cognitect/transit.cljs  ----[0m
[36m----  Compiler Warning on   src/cljs/krypto/core.cljs   line:11  column:24  ----[0m

  [1mUse of undeclared Var krypto.core/HellowWorld[0m

  [36m 7[0m  [36m  Object[0m
  [36m 8[0m  [36m  (render [this][0m
  [36m 9[0m  [36m          (dom/div nil "Hello, world! (also Krypto)")))[0m
  [36m10[0m  [36m[0m
  [33m11[0m  [1m(def hello (om/factory HellowWorld))[0m
  [0m  [0m  [33m                       ^--- Use of undeclared Var krypto.core/HellowWorld[0m
  [36m12[0m  [36m[0m
  [36m13[0m  [36m(js.ReactDom.render (hello) (gdom/getElement "app"))[0m
  [36m14[0m  [36m[0m
  [36m15[0m  [36m;; (defn init! [][0m
  [36m16[0m  [36m;;   (let [content (js/document.getElementById "app")][0m

[36m----  Compiler Warning : Please see src/cljs/krypto/core.cljs  ----[0m
[36m----  Compiler Warning on   env/dev/cljs/krypto/app.cljs   line:10  column:14  ----[0m

  [1mUse of undeclared Var krypto.core/mount-components[0m

  [36m 6[0m  [36m(enable-console-print!)[0m
  [36m 7[0m  [36m[0m
  [36m 8[0m  [36m(figwheel/watch-and-reload[0m
  [36m 9[0m  [36m  :websocket-url "ws://localhost:3449/figwheel-ws"[0m
  [33m10[0m  [1m  :on-jsload core/mount-components)[0m
  [0m  [0m  [33m             ^--- Use of undeclared Var krypto.core/mount-components[0m
  [36m11[0m  [36m[0m
  [36m12[0m  [36m(devtools/install!)[0m
  [36m13[0m  [36m[0m
  [36m14[0m  [36m(core/init!)[0m

[36m----  Compiler Warning : Please see env/dev/cljs/krypto/app.cljs  ----[0m
[36m----  Compiler Warning on   env/dev/cljs/krypto/app.cljs   line:14  column:2  ----[0m

  [1mUse of undeclared Var krypto.core/init![0m

  [36m10[0m  [36m  :on-jsload core/mount-components)[0m
  [36m11[0m  [36m[0m
  [36m12[0m  [36m(devtools/install!)[0m
  [36m13[0m  [36m[0m
  [33m14[0m  [1m(core/init!)[0m
  [0m  [0m  [33m ^--- Use of undeclared Var krypto.core/init![0m

[36m----  Compiler Warning : Please see env/dev/cljs/krypto/app.cljs  ----[0m
[32mSuccessfully compiled "target/cljsbuild/public/js/app.js" in 5.213 seconds.[0m
notifying browser that file changed:  target/cljsbuild/public/js/out/goog/deps.js
notifying browser that file changed:  target/cljsbuild/public/js/out/cljs_deps.js
notifying browser that file changed:  target\cljsbuild\public\js\out\krypto\core.js
Figwheel: Can't open  ("target/cljsbuild/public/js/out/om/util.cljc" 19 1) No :open-file-command supplied in the config.
Figwheel: Can't open  ("target/cljsbuild/public/js/out/om/dom.cljs" 9 1) No :open-file-command supplied in the config.
Figwheel: Can't open  ("target/cljsbuild/public/js/out/om/dom.cljs" 9 1) No :open-file-command supplied in the config.
Figwheel: Can't open  ("target/cljsbuild/public/js/out/om/util.cljc" 19 1) No :open-file-command supplied in the config.
[0mCompiling "target/cljsbuild/public/js/app.js" from ["src/cljs" "src/cljc" "env/dev/cljs"]...[0m
[36m----  Compiler Warning on   file:/C:/Users/Kaan/.m2/repository/org/omcljs/om/1.0.0-alpha34/om-1.0.0-alpha34.jar!/om/util.cljc   line:19  column:1  ----[0m

  [1mident? already refers to: cljs.core/ident? being replaced by: om.util/ident?[0m

[36m----  Compiler Warning : Please see file:/C:/Users/Kaan/.m2/repository/org/omcljs/om/1.0.0-alpha34/om-1.0.0-alpha34.jar!/om/util.cljc  ----[0m
[36m----  Compiler Warning on   file:/C:/Users/Kaan/.m2/repository/com/cognitect/transit-cljs/0.8.237/transit-cljs-0.8.237.jar!/cognitect/transit.cljs   line:342  column:1  ----[0m

  [1muuid? already refers to: cljs.core/uuid? being replaced by: cognitect.transit/uuid?[0m

[36m----  Compiler Warning : Please see file:/C:/Users/Kaan/.m2/repository/com/cognitect/transit-cljs/0.8.237/transit-cljs-0.8.237.jar!/cognitect/transit.cljs  ----[0m
[36m----  Compiler Warning on   file:/C:/Users/Kaan/.m2/repository/org/omcljs/om/1.0.0-alpha34/om-1.0.0-alpha34.jar!/om/dom.cljs   line:9  column:1  ----[0m

  [1mCan't take value of macro cljs.core/use[0m

[36m----  Compiler Warning : Please see file:/C:/Users/Kaan/.m2/repository/org/omcljs/om/1.0.0-alpha34/om-1.0.0-alpha34.jar!/om/dom.cljs  ----[0m
[36m----  Compiler Warning on   file:/C:/Users/Kaan/.m2/repository/org/omcljs/om/1.0.0-alpha34/om-1.0.0-alpha34.jar!/om/dom.cljs   line:9  column:1  ----[0m

  [1muse already refers to: cljs.core/use being replaced by: om.dom/use[0m

[36m----  Compiler Warning : Please see file:/C:/Users/Kaan/.m2/repository/org/omcljs/om/1.0.0-alpha34/om-1.0.0-alpha34.jar!/om/dom.cljs  ----[0m
[36m----  Compiler Warning on   env/dev/cljs/krypto/app.cljs   line:10  column:14  ----[0m

  [1mUse of undeclared Var krypto.core/mount-components[0m

  [36m 6[0m  [36m(enable-console-print!)[0m
  [36m 7[0m  [36m[0m
  [36m 8[0m  [36m(figwheel/watch-and-reload[0m
  [36m 9[0m  [36m  :websocket-url "ws://localhost:3449/figwheel-ws"[0m
  [33m10[0m  [1m  :on-jsload core/mount-components)[0m
  [0m  [0m  [33m             ^--- Use of undeclared Var krypto.core/mount-components[0m
  [36m11[0m  [36m[0m
  [36m12[0m  [36m(devtools/install!)[0m
  [36m13[0m  [36m[0m
  [36m14[0m  [36m(core/init!)[0m

[36m----  Compiler Warning : Please see env/dev/cljs/krypto/app.cljs  ----[0m
[36m----  Compiler Warning on   env/dev/cljs/krypto/app.cljs   line:14  column:2  ----[0m

  [1mUse of undeclared Var krypto.core/init![0m

  [36m10[0m  [36m  :on-jsload core/mount-components)[0m
  [36m11[0m  [36m[0m
  [36m12[0m  [36m(devtools/install!)[0m
  [36m13[0m  [36m[0m
  [33m14[0m  [1m(core/init!)[0m
  [0m  [0m  [33m ^--- Use of undeclared Var krypto.core/init![0m

[36m----  Compiler Warning : Please see env/dev/cljs/krypto/app.cljs  ----[0m
[32mSuccessfully compiled "target/cljsbuild/public/js/app.js" in 6.159 seconds.[0m
notifying browser that file changed:  target/cljsbuild/public/js/out/goog/deps.js
notifying browser that file changed:  target/cljsbuild/public/js/out/cljs_deps.js
notifying browser that file changed:  target\cljsbuild\public\js\out\krypto\core.js
[0mCompiling "target/cljsbuild/public/js/app.js" from ["src/cljs" "src/cljc" "env/dev/cljs"]...[0m
[36m----  Compiler Warning on   file:/C:/Users/Kaan/.m2/repository/org/omcljs/om/1.0.0-alpha34/om-1.0.0-alpha34.jar!/om/util.cljc   line:19  column:1  ----[0m

  [1mident? already refers to: cljs.core/ident? being replaced by: om.util/ident?[0m

[36m----  Compiler Warning : Please see file:/C:/Users/Kaan/.m2/repository/org/omcljs/om/1.0.0-alpha34/om-1.0.0-alpha34.jar!/om/util.cljc  ----[0m
[36m----  Compiler Warning on   file:/C:/Users/Kaan/.m2/repository/com/cognitect/transit-cljs/0.8.237/transit-cljs-0.8.237.jar!/cognitect/transit.cljs   line:342  column:1  ----[0m

  [1muuid? already refers to: cljs.core/uuid? being replaced by: cognitect.transit/uuid?[0m

[36m----  Compiler Warning : Please see file:/C:/Users/Kaan/.m2/repository/com/cognitect/transit-cljs/0.8.237/transit-cljs-0.8.237.jar!/cognitect/transit.cljs  ----[0m
[36m----  Compiler Warning on   file:/C:/Users/Kaan/.m2/repository/org/omcljs/om/1.0.0-alpha34/om-1.0.0-alpha34.jar!/om/dom.cljs   line:9  column:1  ----[0m

  [1mCan't take value of macro cljs.core/use[0m

[36m----  Compiler Warning : Please see file:/C:/Users/Kaan/.m2/repository/org/omcljs/om/1.0.0-alpha34/om-1.0.0-alpha34.jar!/om/dom.cljs  ----[0m
[36m----  Compiler Warning on   file:/C:/Users/Kaan/.m2/repository/org/omcljs/om/1.0.0-alpha34/om-1.0.0-alpha34.jar!/om/dom.cljs   line:9  column:1  ----[0m

  [1muse already refers to: cljs.core/use being replaced by: om.dom/use[0m

[36m----  Compiler Warning : Please see file:/C:/Users/Kaan/.m2/repository/org/omcljs/om/1.0.0-alpha34/om-1.0.0-alpha34.jar!/om/dom.cljs  ----[0m
[36m----  Compiler Warning on   env/dev/cljs/krypto/app.cljs   line:10  column:14  ----[0m

  [1mUse of undeclared Var krypto.core/mount-components[0m

  [36m 6[0m  [36m(enable-console-print!)[0m
  [36m 7[0m  [36m[0m
  [36m 8[0m  [36m(figwheel/watch-and-reload[0m
  [36m 9[0m  [36m  :websocket-url "ws://localhost:3449/figwheel-ws"[0m
  [33m10[0m  [1m  :on-jsload core/mount-components)[0m
  [0m  [0m  [33m             ^--- Use of undeclared Var krypto.core/mount-components[0m
  [36m11[0m  [36m[0m
  [36m12[0m  [36m(devtools/install!)[0m
  [36m13[0m  [36m[0m
  [36m14[0m  [36m(core/init!)[0m

[36m----  Compiler Warning : Please see env/dev/cljs/krypto/app.cljs  ----[0m
[36m----  Compiler Warning on   env/dev/cljs/krypto/app.cljs   line:14  column:2  ----[0m

  [1mUse of undeclared Var krypto.core/init![0m

  [36m10[0m  [36m  :on-jsload core/mount-components)[0m
  [36m11[0m  [36m[0m
  [36m12[0m  [36m(devtools/install!)[0m
  [36m13[0m  [36m[0m
  [33m14[0m  [1m(core/init!)[0m
  [0m  [0m  [33m ^--- Use of undeclared Var krypto.core/init![0m

[36m----  Compiler Warning : Please see env/dev/cljs/krypto/app.cljs  ----[0m
[32mSuccessfully compiled "target/cljsbuild/public/js/app.js" in 6.102 seconds.[0m
notifying browser that file changed:  target/cljsbuild/public/js/out/goog/deps.js
notifying browser that file changed:  target/cljsbuild/public/js/out/cljs_deps.js
notifying browser that file changed:  target\cljsbuild\public\js\out\krypto\core.js
[0mCompiling "target/cljsbuild/public/js/app.js" from ["src/cljs" "src/cljc" "env/dev/cljs"]...[0m
[36m----  Compiler Warning on   file:/C:/Users/Kaan/.m2/repository/org/omcljs/om/1.0.0-alpha34/om-1.0.0-alpha34.jar!/om/util.cljc   line:19  column:1  ----[0m

  [1mident? already refers to: cljs.core/ident? being replaced by: om.util/ident?[0m

[36m----  Compiler Warning : Please see file:/C:/Users/Kaan/.m2/repository/org/omcljs/om/1.0.0-alpha34/om-1.0.0-alpha34.jar!/om/util.cljc  ----[0m
[36m----  Compiler Warning on   file:/C:/Users/Kaan/.m2/repository/com/cognitect/transit-cljs/0.8.237/transit-cljs-0.8.237.jar!/cognitect/transit.cljs   line:342  column:1  ----[0m

  [1muuid? already refers to: cljs.core/uuid? being replaced by: cognitect.transit/uuid?[0m

[36m----  Compiler Warning : Please see file:/C:/Users/Kaan/.m2/repository/com/cognitect/transit-cljs/0.8.237/transit-cljs-0.8.237.jar!/cognitect/transit.cljs  ----[0m
[36m----  Compiler Warning on   file:/C:/Users/Kaan/.m2/repository/org/omcljs/om/1.0.0-alpha34/om-1.0.0-alpha34.jar!/om/dom.cljs   line:9  column:1  ----[0m

  [1mCan't take value of macro cljs.core/use[0m

[36m----  Compiler Warning : Please see file:/C:/Users/Kaan/.m2/repository/org/omcljs/om/1.0.0-alpha34/om-1.0.0-alpha34.jar!/om/dom.cljs  ----[0m
[36m----  Compiler Warning on   file:/C:/Users/Kaan/.m2/repository/org/omcljs/om/1.0.0-alpha34/om-1.0.0-alpha34.jar!/om/dom.cljs   line:9  column:1  ----[0m

  [1muse already refers to: cljs.core/use being replaced by: om.dom/use[0m

[36m----  Compiler Warning : Please see file:/C:/Users/Kaan/.m2/repository/org/omcljs/om/1.0.0-alpha34/om-1.0.0-alpha34.jar!/om/dom.cljs  ----[0m
[36m----  Compiler Warning on   env/dev/cljs/krypto/app.cljs   line:10  column:14  ----[0m

  [1mUse of undeclared Var krypto.core/mount-components[0m

  [36m 6[0m  [36m(enable-console-print!)[0m
  [36m 7[0m  [36m[0m
  [36m 8[0m  [36m(figwheel/watch-and-reload[0m
  [36m 9[0m  [36m  :websocket-url "ws://localhost:3449/figwheel-ws"[0m
  [33m10[0m  [1m  :on-jsload core/mount-components)[0m
  [0m  [0m  [33m             ^--- Use of undeclared Var krypto.core/mount-components[0m
  [36m11[0m  [36m[0m
  [36m12[0m  [36m(devtools/install!)[0m
  [36m13[0m  [36m[0m
  [36m14[0m  [36m(core/init!)[0m

[36m----  Compiler Warning : Please see env/dev/cljs/krypto/app.cljs  ----[0m
[36m----  Compiler Warning on   env/dev/cljs/krypto/app.cljs   line:14  column:2  ----[0m

  [1mUse of undeclared Var krypto.core/init![0m

  [36m10[0m  [36m  :on-jsload core/mount-components)[0m
  [36m11[0m  [36m[0m
  [36m12[0m  [36m(devtools/install!)[0m
  [36m13[0m  [36m[0m
  [33m14[0m  [1m(core/init!)[0m
  [0m  [0m  [33m ^--- Use of undeclared Var krypto.core/init![0m

[36m----  Compiler Warning : Please see env/dev/cljs/krypto/app.cljs  ----[0m
[32mSuccessfully compiled "target/cljsbuild/public/js/app.js" in 5.998 seconds.[0m
notifying browser that file changed:  target/cljsbuild/public/js/out/goog/deps.js
notifying browser that file changed:  target/cljsbuild/public/js/out/cljs_deps.js
notifying browser that file changed:  target\cljsbuild\public\js\out\krypto\core.js
[0mCompiling "target/cljsbuild/public/js/app.js" from ["src/cljs" "src/cljc" "env/dev/cljs"]...[0m
[36m----  Compiler Warning on   env/dev/cljs/krypto/app.cljs   line:10  column:14  ----[0m

  [1mUse of undeclared Var krypto.core/mount-components[0m

  [36m 6[0m  [36m(enable-console-print!)[0m
  [36m 7[0m  [36m[0m
  [36m 8[0m  [36m(figwheel/watch-and-reload[0m
  [36m 9[0m  [36m  :websocket-url "ws://localhost:3449/figwheel-ws"[0m
  [33m10[0m  [1m  :on-jsload core/mount-components)[0m
  [0m  [0m  [33m             ^--- Use of undeclared Var krypto.core/mount-components[0m
  [36m11[0m  [36m[0m
  [36m12[0m  [36m(devtools/install!)[0m
  [36m13[0m  [36m[0m
  [36m14[0m  [36m(core/init!)[0m

[36m----  Compiler Warning : Please see env/dev/cljs/krypto/app.cljs  ----[0m
[36m----  Compiler Warning on   env/dev/cljs/krypto/app.cljs   line:14  column:2  ----[0m

  [1mUse of undeclared Var krypto.core/init![0m

  [36m10[0m  [36m  :on-jsload core/mount-components)[0m
  [36m11[0m  [36m[0m
  [36m12[0m  [36m(devtools/install!)[0m
  [36m13[0m  [36m[0m
  [33m14[0m  [1m(core/init!)[0m
  [0m  [0m  [33m ^--- Use of undeclared Var krypto.core/init![0m

[36m----  Compiler Warning : Please see env/dev/cljs/krypto/app.cljs  ----[0m
[32mSuccessfully compiled "target/cljsbuild/public/js/app.js" in 0.713 seconds.[0m
notifying browser that file changed:  target\cljsbuild\public\js\out\krypto\core.js
[0mCompiling "target/cljsbuild/public/js/app.js" from ["src/cljs" "src/cljc" "env/dev/cljs"]...[0m
[36m----  Compiler Warning on   env/dev/cljs/krypto/app.cljs   line:10  column:14  ----[0m

  [1mUse of undeclared Var krypto.core/mount-components[0m

  [36m 6[0m  [36m(enable-console-print!)[0m
  [36m 7[0m  [36m[0m
  [36m 8[0m  [36m(figwheel/watch-and-reload[0m
  [36m 9[0m  [36m  :websocket-url "ws://localhost:3449/figwheel-ws"[0m
  [33m10[0m  [1m  :on-jsload core/mount-components)[0m
  [0m  [0m  [33m             ^--- Use of undeclared Var krypto.core/mount-components[0m
  [36m11[0m  [36m[0m
  [36m12[0m  [36m(devtools/install!)[0m
  [36m13[0m  [36m[0m
  [36m14[0m  [36m(core/init!)[0m

[36m----  Compiler Warning : Please see env/dev/cljs/krypto/app.cljs  ----[0m
[36m----  Compiler Warning on   env/dev/cljs/krypto/app.cljs   line:14  column:2  ----[0m

  [1mUse of undeclared Var krypto.core/init![0m

  [36m10[0m  [36m  :on-jsload core/mount-components)[0m
  [36m11[0m  [36m[0m
  [36m12[0m  [36m(devtools/install!)[0m
  [36m13[0m  [36m[0m
  [33m14[0m  [1m(core/init!)[0m
  [0m  [0m  [33m ^--- Use of undeclared Var krypto.core/init![0m

[36m----  Compiler Warning : Please see env/dev/cljs/krypto/app.cljs  ----[0m
[32mSuccessfully compiled "target/cljsbuild/public/js/app.js" in 0.734 seconds.[0m
notifying browser that file changed:  target\cljsbuild\public\js\out\krypto\core.js
[0mCompiling "target/cljsbuild/public/js/app.js" from ["src/cljs" "src/cljc" "env/dev/cljs"]...[0m
[36m----  Compiler Warning on   env/dev/cljs/krypto/app.cljs   line:15  column:2  ----[0m

  [1mUse of undeclared Var krypto.core/init![0m

  [36m11[0m  [36m  )[0m
  [36m12[0m  [36m[0m
  [36m13[0m  [36m(devtools/install!)[0m
  [36m14[0m  [36m[0m
  [33m15[0m  [1m(core/init!)[0m
  [0m  [0m  [33m ^--- Use of undeclared Var krypto.core/init![0m

[36m----  Compiler Warning : Please see env/dev/cljs/krypto/app.cljs  ----[0m
[32mSuccessfully compiled "target/cljsbuild/public/js/app.js" in 0.75 seconds.[0m
notifying browser that file changed:  target\cljsbuild\public\js\out\krypto\app.js
[0mCompiling "target/cljsbuild/public/js/app.js" from ["src/cljs" "src/cljc" "env/dev/cljs"]...[0m
[32mSuccessfully compiled "target/cljsbuild/public/js/app.js" in 0.545 seconds.[0m
notifying browser that file changed:  target\cljsbuild\public\js\out\krypto\app.js
[0mCompiling "target/cljsbuild/public/js/app.js" from ["src/cljs" "src/cljc" "env/dev/cljs"]...[0m
[32mSuccessfully compiled "target/cljsbuild/public/js/app.js" in 0.733 seconds.[0m
notifying browser that file changed:  target\cljsbuild\public\js\out\krypto\core.js
[0mCompiling "target/cljsbuild/public/js/app.js" from ["src/cljs" "src/cljc" "env/dev/cljs"]...[0m
[32mSuccessfully compiled "target/cljsbuild/public/js/app.js" in 0.587 seconds.[0m
notifying browser that file changed:  target\cljsbuild\public\js\out\krypto\core.js
[0mCompiling "target/cljsbuild/public/js/app.js" from ["src/cljs" "src/cljc" "env/dev/cljs"]...[0m
[32mSuccessfully compiled "target/cljsbuild/public/js/app.js" in 0.666 seconds.[0m
notifying browser that file changed:  target\cljsbuild\public\js\out\krypto\core.js
[0mCompiling "target/cljsbuild/public/js/app.js" from ["src/cljs" "src/cljc" "env/dev/cljs"]...[0m
[32mSuccessfully compiled "target/cljsbuild/public/js/app.js" in 0.655 seconds.[0m
notifying browser that file changed:  target\cljsbuild\public\js\out\krypto\core.js
[0mCompiling "target/cljsbuild/public/js/app.js" from ["src/cljs" "src/cljc" "env/dev/cljs"]...[0m
[36m----  Compiler Warning on   file:/C:/Users/Kaan/.m2/repository/org/omcljs/om/1.0.0-alpha34/om-1.0.0-alpha34.jar!/om/util.cljc   line:19  column:1  ----[0m

  [1mident? already refers to: cljs.core/ident? being replaced by: om.util/ident?[0m

[36m----  Compiler Warning : Please see file:/C:/Users/Kaan/.m2/repository/org/omcljs/om/1.0.0-alpha34/om-1.0.0-alpha34.jar!/om/util.cljc  ----[0m
[36m----  Compiler Warning on   file:/C:/Users/Kaan/.m2/repository/com/cognitect/transit-cljs/0.8.237/transit-cljs-0.8.237.jar!/cognitect/transit.cljs   line:342  column:1  ----[0m

  [1muuid? already refers to: cljs.core/uuid? being replaced by: cognitect.transit/uuid?[0m

[36m----  Compiler Warning : Please see file:/C:/Users/Kaan/.m2/repository/com/cognitect/transit-cljs/0.8.237/transit-cljs-0.8.237.jar!/cognitect/transit.cljs  ----[0m
[36m----  Compiler Warning on   file:/C:/Users/Kaan/.m2/repository/org/omcljs/om/1.0.0-alpha34/om-1.0.0-alpha34.jar!/om/dom.cljs   line:9  column:1  ----[0m

  [1mCan't take value of macro cljs.core/use[0m

[36m----  Compiler Warning : Please see file:/C:/Users/Kaan/.m2/repository/org/omcljs/om/1.0.0-alpha34/om-1.0.0-alpha34.jar!/om/dom.cljs  ----[0m
[36m----  Compiler Warning on   file:/C:/Users/Kaan/.m2/repository/org/omcljs/om/1.0.0-alpha34/om-1.0.0-alpha34.jar!/om/dom.cljs   line:9  column:1  ----[0m

  [1muse already refers to: cljs.core/use being replaced by: om.dom/use[0m

[36m----  Compiler Warning : Please see file:/C:/Users/Kaan/.m2/repository/org/omcljs/om/1.0.0-alpha34/om-1.0.0-alpha34.jar!/om/dom.cljs  ----[0m
[32mSuccessfully compiled "target/cljsbuild/public/js/app.js" in 6.175 seconds.[0m
notifying browser that file changed:  target/cljsbuild/public/js/out/goog/deps.js
notifying browser that file changed:  target/cljsbuild/public/js/out/cljs_deps.js
notifying browser that file changed:  target\cljsbuild\public\js\out\krypto\core.js
[0mCompiling "target/cljsbuild/public/js/app.js" from ["src/cljs" "src/cljc" "env/dev/cljs"]...[0m
[36m----  Compiler Warning on   file:/C:/Users/Kaan/.m2/repository/org/omcljs/om/1.0.0-alpha34/om-1.0.0-alpha34.jar!/om/util.cljc   line:19  column:1  ----[0m

  [1mident? already refers to: cljs.core/ident? being replaced by: om.util/ident?[0m

[36m----  Compiler Warning : Please see file:/C:/Users/Kaan/.m2/repository/org/omcljs/om/1.0.0-alpha34/om-1.0.0-alpha34.jar!/om/util.cljc  ----[0m
[36m----  Compiler Warning on   file:/C:/Users/Kaan/.m2/repository/com/cognitect/transit-cljs/0.8.237/transit-cljs-0.8.237.jar!/cognitect/transit.cljs   line:342  column:1  ----[0m

  [1muuid? already refers to: cljs.core/uuid? being replaced by: cognitect.transit/uuid?[0m

[36m----  Compiler Warning : Please see file:/C:/Users/Kaan/.m2/repository/com/cognitect/transit-cljs/0.8.237/transit-cljs-0.8.237.jar!/cognitect/transit.cljs  ----[0m
[36m----  Compiler Warning on   file:/C:/Users/Kaan/.m2/repository/org/omcljs/om/1.0.0-alpha34/om-1.0.0-alpha34.jar!/om/dom.cljs   line:9  column:1  ----[0m

  [1mCan't take value of macro cljs.core/use[0m

[36m----  Compiler Warning : Please see file:/C:/Users/Kaan/.m2/repository/org/omcljs/om/1.0.0-alpha34/om-1.0.0-alpha34.jar!/om/dom.cljs  ----[0m
[36m----  Compiler Warning on   file:/C:/Users/Kaan/.m2/repository/org/omcljs/om/1.0.0-alpha34/om-1.0.0-alpha34.jar!/om/dom.cljs   line:9  column:1  ----[0m

  [1muse already refers to: cljs.core/use being replaced by: om.dom/use[0m

[36m----  Compiler Warning : Please see file:/C:/Users/Kaan/.m2/repository/org/omcljs/om/1.0.0-alpha34/om-1.0.0-alpha34.jar!/om/dom.cljs  ----[0m
[32mSuccessfully compiled "target/cljsbuild/public/js/app.js" in 6.501 seconds.[0m
notifying browser that file changed:  target/cljsbuild/public/js/out/goog/deps.js
notifying browser that file changed:  target/cljsbuild/public/js/out/cljs_deps.js
notifying browser that file changed:  target\cljsbuild\public\js\out\krypto\core.js
[0mCompiling "target/cljsbuild/public/js/app.js" from ["src/cljs" "src/cljc" "env/dev/cljs"]...[0m
[32mSuccessfully compiled "target/cljsbuild/public/js/app.js" in 0.666 seconds.[0m
notifying browser that file changed:  target\cljsbuild\public\js\out\krypto\core.js
[0mCompiling "target/cljsbuild/public/js/app.js" from ["src/cljs" "src/cljc" "env/dev/cljs"]...[0m
[32mSuccessfully compiled "target/cljsbuild/public/js/app.js" in 0.684 seconds.[0m
notifying browser that file changed:  target\cljsbuild\public\js\out\krypto\core.js
[0mCompiling "target/cljsbuild/public/js/app.js" from ["src/cljs" "src/cljc" "env/dev/cljs"]...[0m
[32mSuccessfully compiled "target/cljsbuild/public/js/app.js" in 0.739 seconds.[0m
notifying browser that file changed:  target\cljsbuild\public\js\out\krypto\core.js
[0mCompiling "target/cljsbuild/public/js/app.js" from ["src/cljs" "src/cljc" "env/dev/cljs"]...[0m
[32mSuccessfully compiled "target/cljsbuild/public/js/app.js" in 0.686 seconds.[0m
notifying browser that file changed:  target\cljsbuild\public\js\out\krypto\core.js
[0mCompiling "target/cljsbuild/public/js/app.js" from ["src/cljs" "src/cljc" "env/dev/cljs"]...[0m
[32mSuccessfully compiled "target/cljsbuild/public/js/app.js" in 0.649 seconds.[0m
notifying browser that file changed:  target\cljsbuild\public\js\out\krypto\core.js
[0mCompiling "target/cljsbuild/public/js/app.js" from ["src/cljs" "src/cljc" "env/dev/cljs"]...[0m
[32mSuccessfully compiled "target/cljsbuild/public/js/app.js" in 0.733 seconds.[0m
notifying browser that file changed:  target\cljsbuild\public\js\out\krypto\core.js
[0mCompiling "target/cljsbuild/public/js/app.js" from ["src/cljs" "src/cljc" "env/dev/cljs"]...[0m
[32mSuccessfully compiled "target/cljsbuild/public/js/app.js" in 0.562 seconds.[0m
notifying browser that file changed:  target\cljsbuild\public\js\out\krypto\app.js
[0mCompiling "target/cljsbuild/public/js/app.js" from ["src/cljs" "src/cljc" "env/dev/cljs"]...[0m
[32mSuccessfully compiled "target/cljsbuild/public/js/app.js" in 0.682 seconds.[0m
notifying browser that file changed:  target\cljsbuild\public\js\out\krypto\core.js
[0mCompiling "target/cljsbuild/public/js/app.js" from ["src/cljs" "src/cljc" "env/dev/cljs"]...[0m
[32mSuccessfully compiled "target/cljsbuild/public/js/app.js" in 0.608 seconds.[0m
notifying browser that file changed:  target\cljsbuild\public\js\out\krypto\core.js
[0mCompiling "target/cljsbuild/public/js/app.js" from ["src/cljs" "src/cljc" "env/dev/cljs"]...[0m
[32mSuccessfully compiled "target/cljsbuild/public/js/app.js" in 0.53 seconds.[0m
notifying browser that file changed:  target\cljsbuild\public\js\out\krypto\app.js
[0mCompiling "target/cljsbuild/public/js/app.js" from ["src/cljs" "src/cljc" "env/dev/cljs"]...[0m
[36m----  Compiler Warning on   file:/C:/Users/Kaan/.m2/repository/org/omcljs/om/1.0.0-alpha34/om-1.0.0-alpha34.jar!/om/util.cljc   line:19  column:1  ----[0m

  [1mident? already refers to: cljs.core/ident? being replaced by: om.util/ident?[0m

[36m----  Compiler Warning : Please see file:/C:/Users/Kaan/.m2/repository/org/omcljs/om/1.0.0-alpha34/om-1.0.0-alpha34.jar!/om/util.cljc  ----[0m
[36m----  Compiler Warning on   file:/C:/Users/Kaan/.m2/repository/com/cognitect/transit-cljs/0.8.237/transit-cljs-0.8.237.jar!/cognitect/transit.cljs   line:342  column:1  ----[0m

  [1muuid? already refers to: cljs.core/uuid? being replaced by: cognitect.transit/uuid?[0m

[36m----  Compiler Warning : Please see file:/C:/Users/Kaan/.m2/repository/com/cognitect/transit-cljs/0.8.237/transit-cljs-0.8.237.jar!/cognitect/transit.cljs  ----[0m
[36m----  Compiler Warning on   file:/C:/Users/Kaan/.m2/repository/org/omcljs/om/1.0.0-alpha34/om-1.0.0-alpha34.jar!/om/dom.cljs   line:9  column:1  ----[0m

  [1mCan't take value of macro cljs.core/use[0m

[36m----  Compiler Warning : Please see file:/C:/Users/Kaan/.m2/repository/org/omcljs/om/1.0.0-alpha34/om-1.0.0-alpha34.jar!/om/dom.cljs  ----[0m
[36m----  Compiler Warning on   file:/C:/Users/Kaan/.m2/repository/org/omcljs/om/1.0.0-alpha34/om-1.0.0-alpha34.jar!/om/dom.cljs   line:9  column:1  ----[0m

  [1muse already refers to: cljs.core/use being replaced by: om.dom/use[0m

[36m----  Compiler Warning : Please see file:/C:/Users/Kaan/.m2/repository/org/omcljs/om/1.0.0-alpha34/om-1.0.0-alpha34.jar!/om/dom.cljs  ----[0m
[32mSuccessfully compiled "target/cljsbuild/public/js/app.js" in 5.823 seconds.[0m
notifying browser that file changed:  target/cljsbuild/public/js/out/goog/deps.js
notifying browser that file changed:  target/cljsbuild/public/js/out/cljs_deps.js
notifying browser that file changed:  target\cljsbuild\public\js\out\krypto\app.js
[0mCompiling "target/cljsbuild/public/js/app.js" from ["src/cljs" "src/cljc" "env/dev/cljs"]...[0m
[32mSuccessfully compiled "target/cljsbuild/public/js/app.js" in 0.703 seconds.[0m
notifying browser that file changed:  target\cljsbuild\public\js\out\krypto\core.js
[0mCompiling "target/cljsbuild/public/js/app.js" from ["src/cljs" "src/cljc" "env/dev/cljs"]...[0m
[32mSuccessfully compiled "target/cljsbuild/public/js/app.js" in 0.703 seconds.[0m
notifying browser that file changed:  target\cljsbuild\public\js\out\krypto\core.js
[0mCompiling "target/cljsbuild/public/js/app.js" from ["src/cljs" "src/cljc" "env/dev/cljs"]...[0m
[36m----  Compiler Warning on   env/dev/cljs/krypto/app.cljs   line:10  column:3  ----[0m

  [1mUse of undeclared Var krypto.app/on-jsload[0m

  [36m 6[0m  [36m(enable-console-print!)[0m
  [36m 7[0m  [36m[0m
  [36m 8[0m  [36m(figwheel/watch-and-reload[0m
  [36m 9[0m  [36m  :websocket-url "ws://localhost:3449/figwheel-ws"[0m
  [33m10[0m  [1m  on-jsload core/mount-root[0m
  [0m  [0m  [33m  ^--- Use of undeclared Var krypto.app/on-jsload[0m
  [36m11[0m  [36m  )[0m
  [36m12[0m  [36m[0m
  [36m13[0m  [36m(devtools/install!)[0m
  [36m14[0m  [36m[0m
  [36m15[0m  [36m;(core/init!)[0m

[36m----  Compiler Warning : Please see env/dev/cljs/krypto/app.cljs  ----[0m
[32mSuccessfully compiled "target/cljsbuild/public/js/app.js" in 0.86 seconds.[0m
notifying browser that file changed:  target\cljsbuild\public\js\out\krypto\app.js
[0mCompiling "target/cljsbuild/public/js/app.js" from ["src/cljs" "src/cljc" "env/dev/cljs"]...[0m
[32mSuccessfully compiled "target/cljsbuild/public/js/app.js" in 0.639 seconds.[0m
notifying browser that file changed:  target\cljsbuild\public\js\out\krypto\app.js
[0mCompiling "target/cljsbuild/public/js/app.js" from ["src/cljs" "src/cljc" "env/dev/cljs"]...[0m
[32mSuccessfully compiled "target/cljsbuild/public/js/app.js" in 0.713 seconds.[0m
notifying browser that file changed:  target\cljsbuild\public\js\out\krypto\core.js
[0mCompiling "target/cljsbuild/public/js/app.js" from ["src/cljs" "src/cljc" "env/dev/cljs"]...[0m
[36m----  Compiler Warning on   env/dev/cljs/krypto/app.cljs   line:10  column:14  ----[0m

  [1mUse of undeclared Var krypto.core/init[0m

  [36m 6[0m  [36m(enable-console-print!)[0m
  [36m 7[0m  [36m[0m
  [36m 8[0m  [36m(figwheel/watch-and-reload[0m
  [36m 9[0m  [36m  :websocket-url "ws://localhost:3449/figwheel-ws"[0m
  [33m10[0m  [1m  :on-jsload core/init[0m
  [0m  [0m  [33m             ^--- Use of undeclared Var krypto.core/init[0m
  [36m11[0m  [36m  )[0m
  [36m12[0m  [36m[0m
  [36m13[0m  [36m(devtools/install!)[0m
  [36m14[0m  [36m[0m
  [36m15[0m  [36m(core/init)[0m

[36m----  Compiler Warning : Please see env/dev/cljs/krypto/app.cljs  ----[0m
[36m----  Compiler Warning on   env/dev/cljs/krypto/app.cljs   line:15  column:2  ----[0m

  [1mUse of undeclared Var krypto.core/init[0m

  [36m11[0m  [36m  )[0m
  [36m12[0m  [36m[0m
  [36m13[0m  [36m(devtools/install!)[0m
  [36m14[0m  [36m[0m
  [33m15[0m  [1m(core/init)[0m
  [0m  [0m  [33m ^--- Use of undeclared Var krypto.core/init[0m

[36m----  Compiler Warning : Please see env/dev/cljs/krypto/app.cljs  ----[0m
[32mSuccessfully compiled "target/cljsbuild/public/js/app.js" in 0.688 seconds.[0m
notifying browser that file changed:  target\cljsbuild\public\js\out\krypto\app.js
[0mCompiling "target/cljsbuild/public/js/app.js" from ["src/cljs" "src/cljc" "env/dev/cljs"]...[0m
[32mSuccessfully compiled "target/cljsbuild/public/js/app.js" in 0.686 seconds.[0m
notifying browser that file changed:  target\cljsbuild\public\js\out\krypto\core.js
[0mCompiling "target/cljsbuild/public/js/app.js" from ["src/cljs" "src/cljc" "env/dev/cljs"]...[0m
[32mSuccessfully compiled "target/cljsbuild/public/js/app.js" in 0.71 seconds.[0m
notifying browser that file changed:  target\cljsbuild\public\js\out\krypto\core.js
[0mCompiling "target/cljsbuild/public/js/app.js" from ["src/cljs" "src/cljc" "env/dev/cljs"]...[0m
[32mSuccessfully compiled "target/cljsbuild/public/js/app.js" in 0.655 seconds.[0m
notifying browser that file changed:  target\cljsbuild\public\js\out\krypto\core.js
[0mCompiling "target/cljsbuild/public/js/app.js" from ["src/cljs" "src/cljc" "env/dev/cljs"]...[0m
[32mSuccessfully compiled "target/cljsbuild/public/js/app.js" in 0.645 seconds.[0m
notifying browser that file changed:  target\cljsbuild\public\js\out\krypto\core.js
[0mCompiling "target/cljsbuild/public/js/app.js" from ["src/cljs" "src/cljc" "env/dev/cljs"]...[0m
[32mSuccessfully compiled "target/cljsbuild/public/js/app.js" in 0.626 seconds.[0m
notifying browser that file changed:  target\cljsbuild\public\js\out\krypto\core.js
[0mCompiling "target/cljsbuild/public/js/app.js" from ["src/cljs" "src/cljc" "env/dev/cljs"]...[0m
[32mSuccessfully compiled "target/cljsbuild/public/js/app.js" in 0.731 seconds.[0m
notifying browser that file changed:  target\cljsbuild\public\js\out\krypto\core.js
[0mCompiling "target/cljsbuild/public/js/app.js" from ["src/cljs" "src/cljc" "env/dev/cljs"]...[0m
[32mSuccessfully compiled "target/cljsbuild/public/js/app.js" in 0.599 seconds.[0m
notifying browser that file changed:  target\cljsbuild\public\js\out\krypto\core.js
[0mCompiling "target/cljsbuild/public/js/app.js" from ["src/cljs" "src/cljc" "env/dev/cljs"]...[0m
[32mSuccessfully compiled "target/cljsbuild/public/js/app.js" in 0.665 seconds.[0m
notifying browser that file changed:  target\cljsbuild\public\js\out\krypto\core.js
[0mCompiling "target/cljsbuild/public/js/app.js" from ["src/cljs" "src/cljc" "env/dev/cljs"]...[0m
[32mSuccessfully compiled "target/cljsbuild/public/js/app.js" in 0.534 seconds.[0m
notifying browser that file changed:  target\cljsbuild\public\js\out\krypto\core.js
[0mCompiling "target/cljsbuild/public/js/app.js" from ["src/cljs" "src/cljc" "env/dev/cljs"]...[0m
[32mSuccessfully compiled "target/cljsbuild/public/js/app.js" in 1.018 seconds.[0m
notifying browser that file changed:  target/cljsbuild/public/js/out/goog/deps.js
notifying browser that file changed:  target/cljsbuild/public/js/out/cljs_deps.js
notifying browser that file changed:  target\cljsbuild\public\js\out\krypto\core.js
[0mCompiling "target/cljsbuild/public/js/app.js" from ["src/cljs" "src/cljc" "env/dev/cljs"]...[0m
[32mSuccessfully compiled "target/cljsbuild/public/js/app.js" in 0.625 seconds.[0m
notifying browser that file changed:  target\cljsbuild\public\js\out\krypto\core.js
[0mCompiling "target/cljsbuild/public/js/app.js" from ["src/cljs" "src/cljc" "env/dev/cljs"]...[0m
[32mSuccessfully compiled "target/cljsbuild/public/js/app.js" in 1.014 seconds.[0m
notifying browser that file changed:  target\cljsbuild\public\js\out\krypto\core.js
[0mCompiling "target/cljsbuild/public/js/app.js" from ["src/cljs" "src/cljc" "env/dev/cljs"]...[0m
[32mSuccessfully compiled "target/cljsbuild/public/js/app.js" in 0.851 seconds.[0m
notifying browser that file changed:  target\cljsbuild\public\js\out\krypto\core.js
[0mCompiling "target/cljsbuild/public/js/app.js" from ["src/cljs" "src/cljc" "env/dev/cljs"]...[0m
[32mSuccessfully compiled "target/cljsbuild/public/js/app.js" in 0.553 seconds.[0m
notifying browser that file changed:  target\cljsbuild\public\js\out\krypto\core.js
[0mCompiling "target/cljsbuild/public/js/app.js" from ["src/cljs" "src/cljc" "env/dev/cljs"]...[0m
[32mSuccessfully compiled "target/cljsbuild/public/js/app.js" in 0.841 seconds.[0m
notifying browser that file changed:  target\cljsbuild\public\js\out\krypto\core.js
[0mCompiling "target/cljsbuild/public/js/app.js" from ["src/cljs" "src/cljc" "env/dev/cljs"]...[0m
[31mFailed to compile "target/cljsbuild/public/js/app.js" in 0.492 seconds.[0m
[36m----  Could not Analyze  src/cljs/krypto/core.cljs   line:38  column:1  ----[0m

  [1mclojure.lang.PersistentVector cannot be cast to clojure.lang.Named[0m

  [36m36[0m  [36m                      "Click me!")))))[0m
  [36m37[0m  [36m[0m
  [33m38[0m  [1m(defui Cards[0m
  [0m  [0m  [33m^--- clojure.lang.PersistentVector cannot be cast to clojure.lang.Named[0m
  [36m39[0m  [36m  Object[0m
  [36m40[0m  [36m  render [this][0m
  [36m41[0m  [36m  (apply dom/ul nil (map dom/li nil (om.props this)))) ; TODO: keyfn[0m

[36m----  Analysis Error : Please see src/cljs/krypto/core.cljs  ----[0m
[0mCompiling "target/cljsbuild/public/js/app.js" from ["src/cljs" "src/cljc" "env/dev/cljs"]...[0m
[31mFailed to compile "target/cljsbuild/public/js/app.js" in 0.506 seconds.[0m
[36m----  Could not Read  src/cljs/krypto/core.cljs   line:38  column:1  ----[0m

  [1mEOF while reading, starting at line 38 and column 1[0m

  [36m36[0m  [36m                      "Click me!")))))[0m
  [36m37[0m  [36m[0m
  [33m38[0m  [1m(defui Cards[0m
  [0m  [0m  [33m^--- EOF while reading, starting at line 38 and column 1[0m
  [36m39[0m  [36m  Object[0m
  [36m40[0m  [36m  render [this][0m
  [36m41[0m  [36m  (apply dom/ul nil (map dom/li nil (om.props this))) ; TODO: keyfn[0m

[36m----  Reader Error : Please see src/cljs/krypto/core.cljs  ----[0m
[0mCompiling "target/cljsbuild/public/js/app.js" from ["src/cljs" "src/cljc" "env/dev/cljs"]...[0m
[31mFailed to compile "target/cljsbuild/public/js/app.js" in 0.492 seconds.[0m
[36m----  Could not Analyze  src/cljs/krypto/core.cljs   line:38  column:1  ----[0m

  [1mclojure.lang.PersistentVector cannot be cast to clojure.lang.Named[0m

  [36m36[0m  [36m                      "Click me!")))))[0m
  [36m37[0m  [36m[0m
  [33m38[0m  [1m(defui Cards[0m
  [0m  [0m  [33m^--- clojure.lang.PersistentVector cannot be cast to clojure.lang.Named[0m
  [36m39[0m  [36m  Object[0m
  [36m40[0m  [36m  render [this][0m
  [36m41[0m  [36m  (apply dom/ul nil (map dom/li nil (om.props this)))) ; TODO: keyfn[0m

[36m----  Analysis Error : Please see src/cljs/krypto/core.cljs  ----[0m
[0mCompiling "target/cljsbuild/public/js/app.js" from ["src/cljs" "src/cljc" "env/dev/cljs"]...[0m
[31mFailed to compile "target/cljsbuild/public/js/app.js" in 0.473 seconds.[0m
[36m----  Could not Analyze  src/cljs/krypto/core.cljs   line:38  column:1  ----[0m

  [1mclojure.lang.PersistentVector cannot be cast to clojure.lang.Named[0m

  [36m36[0m  [36m                      "Click me!")))))[0m
  [36m37[0m  [36m[0m
  [33m38[0m  [1m(defui Cards[0m
  [0m  [0m  [33m^--- clojure.lang.PersistentVector cannot be cast to clojure.lang.Named[0m
  [36m39[0m  [36m  Object[0m
  [36m40[0m  [36m  render [this][0m
  [36m41[0m  [36m  (apply dom/ul nil (map (fn [c] (dom/li nil (str (:value c)))) (om.props this)))) ; TODO: keyfn[0m

[36m----  Analysis Error : Please see src/cljs/krypto/core.cljs  ----[0m
[0mCompiling "target/cljsbuild/public/js/app.js" from ["src/cljs" "src/cljc" "env/dev/cljs"]...[0m
[32mSuccessfully compiled "target/cljsbuild/public/js/app.js" in 0.833 seconds.[0m
notifying browser that file changed:  target\cljsbuild\public\js\out\krypto\core.js
[0mCompiling "target/cljsbuild/public/js/app.js" from ["src/cljs" "src/cljc" "env/dev/cljs"]...[0m
[32mSuccessfully compiled "target/cljsbuild/public/js/app.js" in 0.841 seconds.[0m
notifying browser that file changed:  target\cljsbuild\public\js\out\krypto\core.js
[0mCompiling "target/cljsbuild/public/js/app.js" from ["src/cljs" "src/cljc" "env/dev/cljs"]...[0m
[32mSuccessfully compiled "target/cljsbuild/public/js/app.js" in 0.817 seconds.[0m
notifying browser that file changed:  target\cljsbuild\public\js\out\krypto\core.js
[0mCompiling "target/cljsbuild/public/js/app.js" from ["src/cljs" "src/cljc" "env/dev/cljs"]...[0m
[32mSuccessfully compiled "target/cljsbuild/public/js/app.js" in 0.568 seconds.[0m
notifying browser that file changed:  target\cljsbuild\public\js\out\krypto\core.js
[0mCompiling "target/cljsbuild/public/js/app.js" from ["src/cljs" "src/cljc" "env/dev/cljs"]...[0m
[32mSuccessfully compiled "target/cljsbuild/public/js/app.js" in 0.698 seconds.[0m
notifying browser that file changed:  target\cljsbuild\public\js\out\krypto\core.js
[0mCompiling "target/cljsbuild/public/js/app.js" from ["src/cljs" "src/cljc" "env/dev/cljs"]...[0m
[32mSuccessfully compiled "target/cljsbuild/public/js/app.js" in 0.733 seconds.[0m
notifying browser that file changed:  target\cljsbuild\public\js\out\krypto\core.js
[0mCompiling "target/cljsbuild/public/js/app.js" from ["src/cljs" "src/cljc" "env/dev/cljs"]...[0m
[32mSuccessfully compiled "target/cljsbuild/public/js/app.js" in 0.756 seconds.[0m
notifying browser that file changed:  target\cljsbuild\public\js\out\krypto\core.js
[0mCompiling "target/cljsbuild/public/js/app.js" from ["src/cljs" "src/cljc" "env/dev/cljs"]...[0m
[32mSuccessfully compiled "target/cljsbuild/public/js/app.js" in 0.709 seconds.[0m
notifying browser that file changed:  target\cljsbuild\public\js\out\krypto\core.js
[0mCompiling "target/cljsbuild/public/js/app.js" from ["src/cljs" "src/cljc" "env/dev/cljs"]...[0m
[32mSuccessfully compiled "target/cljsbuild/public/js/app.js" in 0.802 seconds.[0m
notifying browser that file changed:  target\cljsbuild\public\js\out\krypto\core.js
[0mCompiling "target/cljsbuild/public/js/app.js" from ["src/cljs" "src/cljc" "env/dev/cljs"]...[0m
[32mSuccessfully compiled "target/cljsbuild/public/js/app.js" in 0.608 seconds.[0m
notifying browser that file changed:  target\cljsbuild\public\js\out\krypto\core.js
[0mCompiling "target/cljsbuild/public/js/app.js" from ["src/cljs" "src/cljc" "env/dev/cljs"]...[0m
[32mSuccessfully compiled "target/cljsbuild/public/js/app.js" in 0.717 seconds.[0m
notifying browser that file changed:  target\cljsbuild\public\js\out\krypto\core.js
[0mCompiling "target/cljsbuild/public/js/app.js" from ["src/cljs" "src/cljc" "env/dev/cljs"]...[0m
[32mSuccessfully compiled "target/cljsbuild/public/js/app.js" in 0.683 seconds.[0m
notifying browser that file changed:  target\cljsbuild\public\js\out\krypto\core.js
[0mCompiling "target/cljsbuild/public/js/app.js" from ["src/cljs" "src/cljc" "env/dev/cljs"]...[0m
[31mFailed to compile "target/cljsbuild/public/js/app.js" in 0.485 seconds.[0m
[36m----  Could not Analyze  src/cljs/krypto/core.cljs   line:42  column:11  ----[0m

  [1mlet requires an even number of forms in binding vector[0m

  [36m40[0m  [36m  Object[0m
  [36m41[0m  [36m  (render [this][0m
  [33m42[0m  [1m          (let [{:keys [value] :as c}][0m
  [0m  [0m  [33m          ^--- let requires an even number of forms in binding vector[0m
  [36m43[0m  [36m            (dom/li nil value))))[0m
  [36m44[0m  [36m[0m
  [36m45[0m  [36m(def playcard (om/factory PlayCard {:keyfn :value}))[0m

[36m----  Analysis Error : Please see src/cljs/krypto/core.cljs  ----[0m
[0mCompiling "target/cljsbuild/public/js/app.js" from ["src/cljs" "src/cljc" "env/dev/cljs"]...[0m
[32mSuccessfully compiled "target/cljsbuild/public/js/app.js" in 0.756 seconds.[0m
notifying browser that file changed:  target\cljsbuild\public\js\out\krypto\core.js
[0mCompiling "target/cljsbuild/public/js/app.js" from ["src/cljs" "src/cljc" "env/dev/cljs"]...[0m
[32mSuccessfully compiled "target/cljsbuild/public/js/app.js" in 0.974 seconds.[0m
notifying browser that file changed:  target\cljsbuild\public\js\out\krypto\core.js
[0mCompiling "target/cljsbuild/public/js/app.js" from ["src/cljs" "src/cljc" "env/dev/cljs"]...[0m
[32mSuccessfully compiled "target/cljsbuild/public/js/app.js" in 0.804 seconds.[0m
notifying browser that file changed:  target\cljsbuild\public\js\out\krypto\core.js
Notifying browser that CSS file changed: resources/public/css/screen.css
[0mCompiling "target/cljsbuild/public/js/app.js" from ["src/cljs" "src/cljc" "env/dev/cljs"]...[0m
[32mSuccessfully compiled "target/cljsbuild/public/js/app.js" in 0.893 seconds.[0m
notifying browser that file changed:  target\cljsbuild\public\js\out\krypto\core.js
[0mCompiling "target/cljsbuild/public/js/app.js" from ["src/cljs" "src/cljc" "env/dev/cljs"]...[0m
[36m----  Compiler Warning on   src/cljs/krypto/core.cljs   line:60  column:37  ----[0m

  [1mUse of undeclared Var krypto.core/card[0m

  [36m56[0m  [36m(defui BoardCard ; Super similar to playcard except for action...[0m
  [36m57[0m  [36m  Object[0m
  [36m58[0m  [36m  (render [this][0m
  [36m59[0m  [36m          (let [{:keys [value] :as c} (om/props this)][0m
  [33m60[0m  [1m            (dom/li #js {:className card} value))))[0m
  [0m  [0m  [33m                                    ^--- Use of undeclared Var krypto.core/card[0m
  [36m61[0m  [36m[0m
  [36m62[0m  [36m(def boarditem (om/factory BoardCard {:keyfn :value}))[0m
  [36m63[0m  [36m[0m
  [36m64[0m  [36m(defui Board[0m
  [36m65[0m  [36m  Object[0m

[36m----  Compiler Warning : Please see src/cljs/krypto/core.cljs  ----[0m
[31mFailed to compile "target/cljsbuild/public/js/app.js" in 0.696 seconds.[0m
[36m----  Could not Read  src/cljs/krypto/core.cljs   line:64  column:1  ----[0m

  [1mEOF while reading, starting at line 64 and column 1[0m

  [36m62[0m  [36m(def boarditem (om/factory BoardCard {:keyfn :value}))[0m
  [36m63[0m  [36m[0m
  [33m64[0m  [1m(defui Board[0m
  [0m  [0m  [33m^--- EOF while reading, starting at line 64 and column 1[0m
  [36m65[0m  [36m  Object[0m
  [36m66[0m  [36m  (render [this][0m
  [36m67[0m  [36m          (apply dom/ul #js {:className "hlist"}[0m

[36m----  Reader Error : Please see src/cljs/krypto/core.cljs  ----[0m
[0mCompiling "target/cljsbuild/public/js/app.js" from ["src/cljs" "src/cljc" "env/dev/cljs"]...[0m
[36m----  Compiler Warning on   src/cljs/krypto/core.cljs   line:60  column:37  ----[0m

  [1mUse of undeclared Var krypto.core/card[0m

  [36m56[0m  [36m(defui BoardCard ; Super similar to playcard except for action...[0m
  [36m57[0m  [36m  Object[0m
  [36m58[0m  [36m  (render [this][0m
  [36m59[0m  [36m          (let [{:keys [value] :as c} (om/props this)][0m
  [33m60[0m  [1m            (dom/li #js {:className card} value))))[0m
  [0m  [0m  [33m                                    ^--- Use of undeclared Var krypto.core/card[0m
  [36m61[0m  [36m[0m
  [36m62[0m  [36m(def boarditem (om/factory BoardCard {:keyfn :value}))[0m
  [36m63[0m  [36m[0m
  [36m64[0m  [36m(defui Board[0m
  [36m65[0m  [36m  Object[0m

[36m----  Compiler Warning : Please see src/cljs/krypto/core.cljs  ----[0m
[31mFailed to compile "target/cljsbuild/public/js/app.js" in 0.587 seconds.[0m
[36m----  Could not Read  src/cljs/krypto/core.cljs   line:64  column:1  ----[0m

  [1mEOF while reading, starting at line 64 and column 1[0m

  [36m62[0m  [36m(def boarditem (om/factory BoardCard {:keyfn :value}))[0m
  [36m63[0m  [36m[0m
  [33m64[0m  [1m(defui Board[0m
  [0m  [0m  [33m^--- EOF while reading, starting at line 64 and column 1[0m
  [36m65[0m  [36m  Object[0m
  [36m66[0m  [36m  (render [this][0m
  [36m67[0m  [36m          (apply dom/ul #js {:className "hlist"}[0m

[36m----  Reader Error : Please see src/cljs/krypto/core.cljs  ----[0m
[0mCompiling "target/cljsbuild/public/js/app.js" from ["src/cljs" "src/cljc" "env/dev/cljs"]...[0m
[36m----  Compiler Warning on   src/cljs/krypto/core.cljs   line:60  column:37  ----[0m

  [1mUse of undeclared Var krypto.core/card[0m

  [36m56[0m  [36m(defui BoardCard ; Super similar to playcard except for action...[0m
  [36m57[0m  [36m  Object[0m
  [36m58[0m  [36m  (render [this][0m
  [36m59[0m  [36m          (let [{:keys [value] :as c} (om/props this)][0m
  [33m60[0m  [1m            (dom/li #js {:className card} value))))[0m
  [0m  [0m  [33m                                    ^--- Use of undeclared Var krypto.core/card[0m
  [36m61[0m  [36m[0m
  [36m62[0m  [36m(def boarditem (om/factory BoardCard {:keyfn :value}))[0m
  [36m63[0m  [36m[0m
  [36m64[0m  [36m(defui Board[0m
  [36m65[0m  [36m  Object[0m

[36m----  Compiler Warning : Please see src/cljs/krypto/core.cljs  ----[0m
[32mSuccessfully compiled "target/cljsbuild/public/js/app.js" in 0.819 seconds.[0m
notifying browser that file changed:  target\cljsbuild\public\js\out\krypto\core.js
[0mCompiling "target/cljsbuild/public/js/app.js" from ["src/cljs" "src/cljc" "env/dev/cljs"]...[0m
[32mSuccessfully compiled "target/cljsbuild/public/js/app.js" in 0.792 seconds.[0m
notifying browser that file changed:  target\cljsbuild\public\js\out\krypto\core.js
[0mCompiling "target/cljsbuild/public/js/app.js" from ["src/cljs" "src/cljc" "env/dev/cljs"]...[0m
[32mSuccessfully compiled "target/cljsbuild/public/js/app.js" in 0.942 seconds.[0m
notifying browser that file changed:  target\cljsbuild\public\js\out\krypto\core.js
[0mCompiling "target/cljsbuild/public/js/app.js" from ["src/cljs" "src/cljc" "env/dev/cljs"]...[0m
[32mSuccessfully compiled "target/cljsbuild/public/js/app.js" in 0.529 seconds.[0m
notifying browser that file changed:  target\cljsbuild\public\js\out\krypto\core.js
[0mCompiling "target/cljsbuild/public/js/app.js" from ["src/cljs" "src/cljc" "env/dev/cljs"]...[0m
[32mSuccessfully compiled "target/cljsbuild/public/js/app.js" in 0.791 seconds.[0m
notifying browser that file changed:  target\cljsbuild\public\js\out\krypto\core.js
[0mCompiling "target/cljsbuild/public/js/app.js" from ["src/cljs" "src/cljc" "env/dev/cljs"]...[0m
[32mSuccessfully compiled "target/cljsbuild/public/js/app.js" in 0.749 seconds.[0m
notifying browser that file changed:  target\cljsbuild\public\js\out\krypto\core.js
[0mCompiling "target/cljsbuild/public/js/app.js" from ["src/cljs" "src/cljc" "env/dev/cljs"]...[0m
[32mSuccessfully compiled "target/cljsbuild/public/js/app.js" in 0.853 seconds.[0m
notifying browser that file changed:  target\cljsbuild\public\js\out\krypto\core.js
[0mCompiling "target/cljsbuild/public/js/app.js" from ["src/cljs" "src/cljc" "env/dev/cljs"]...[0m
[31mFailed to compile "target/cljsbuild/public/js/app.js" in 0.682 seconds.[0m
[36m----  Could not Read  src/cljs/krypto/core.cljs   line:20  column:41  ----[0m

  [1mNested #()s are not allowed[0m

  [36m18[0m  [36m{:value {:keys [:cards :board]}[0m
  [36m19[0m  [36m :action #(let [new-board (conj (:board @state) params)[0m
  [33m20[0m  [1m                new-cards (remove #(= % params) (:cards @state))][0m
  [0m  [0m  [33m                                    ^--- Nested #()s are not allowed[0m
  [36m21[0m  [36m            (swap! state :cards new-cards)[0m
  [36m22[0m  [36m            (swap! state :board new-board))}[0m
  [36m23[0m  [36m{:value :not-found}))[0m

[36m----  Reader Error : Please see src/cljs/krypto/core.cljs  ----[0m
[0mCompiling "target/cljsbuild/public/js/app.js" from ["src/cljs" "src/cljc" "env/dev/cljs"]...[0m
[31mFailed to compile "target/cljsbuild/public/js/app.js" in 0.371 seconds.[0m
[36m----  Could not Read  src/cljs/krypto/core.cljs   line:20  column:41  ----[0m

  [1mNested #()s are not allowed[0m

  [36m18[0m  [36m{:value {:keys [:cards :board]}[0m
  [36m19[0m  [36m :action #(let [new-board (conj (:board @state) params)[0m
  [33m20[0m  [1m                new-cards (remove #(= % params) (:cards @state))][0m
  [0m  [0m  [33m                                    ^--- Nested #()s are not allowed[0m
  [36m21[0m  [36m            (swap! state :cards new-cards)[0m
  [36m22[0m  [36m            (swap! state :board new-board))}[0m
  [36m23[0m  [36m{:value :not-found}))[0m

[36m----  Reader Error : Please see src/cljs/krypto/core.cljs  ----[0m
[0mCompiling "target/cljsbuild/public/js/app.js" from ["src/cljs" "src/cljc" "env/dev/cljs"]...[0m
[32mSuccessfully compiled "target/cljsbuild/public/js/app.js" in 0.809 seconds.[0m
notifying browser that file changed:  target\cljsbuild\public\js\out\krypto\core.js
[0mCompiling "target/cljsbuild/public/js/app.js" from ["src/cljs" "src/cljc" "env/dev/cljs"]...[0m
[32mSuccessfully compiled "target/cljsbuild/public/js/app.js" in 0.9 seconds.[0m
notifying browser that file changed:  target\cljsbuild\public\js\out\krypto\core.js
[0mCompiling "target/cljsbuild/public/js/app.js" from ["src/cljs" "src/cljc" "env/dev/cljs"]...[0m
[32mSuccessfully compiled "target/cljsbuild/public/js/app.js" in 0.494 seconds.[0m
notifying browser that file changed:  target\cljsbuild\public\js\out\krypto\core.js
[0mCompiling "target/cljsbuild/public/js/app.js" from ["src/cljs" "src/cljc" "env/dev/cljs"]...[0m
[32mSuccessfully compiled "target/cljsbuild/public/js/app.js" in 0.859 seconds.[0m
notifying browser that file changed:  target\cljsbuild\public\js\out\krypto\core.js
[0mCompiling "target/cljsbuild/public/js/app.js" from ["src/cljs" "src/cljc" "env/dev/cljs"]...[0m
[32mSuccessfully compiled "target/cljsbuild/public/js/app.js" in 0.794 seconds.[0m
notifying browser that file changed:  target\cljsbuild\public\js\out\krypto\core.js
[0mCompiling "target/cljsbuild/public/js/app.js" from ["src/cljs" "src/cljc" "env/dev/cljs"]...[0m
[32mSuccessfully compiled "target/cljsbuild/public/js/app.js" in 0.776 seconds.[0m
notifying browser that file changed:  target\cljsbuild\public\js\out\krypto\core.js
[0mCompiling "target/cljsbuild/public/js/app.js" from ["src/cljs" "src/cljc" "env/dev/cljs"]...[0m
[32mSuccessfully compiled "target/cljsbuild/public/js/app.js" in 0.774 seconds.[0m
notifying browser that file changed:  target\cljsbuild\public\js\out\krypto\core.js
[0mCompiling "target/cljsbuild/public/js/app.js" from ["src/cljs" "src/cljc" "env/dev/cljs"]...[0m
[32mSuccessfully compiled "target/cljsbuild/public/js/app.js" in 0.798 seconds.[0m
notifying browser that file changed:  target\cljsbuild\public\js\out\krypto\core.js
[0mCompiling "target/cljsbuild/public/js/app.js" from ["src/cljs" "src/cljc" "env/dev/cljs"]...[0m
[32mSuccessfully compiled "target/cljsbuild/public/js/app.js" in 0.786 seconds.[0m
notifying browser that file changed:  target\cljsbuild\public\js\out\krypto\core.js
[0mCompiling "target/cljsbuild/public/js/app.js" from ["src/cljs" "src/cljc" "env/dev/cljs"]...[0m
[32mSuccessfully compiled "target/cljsbuild/public/js/app.js" in 0.768 seconds.[0m
notifying browser that file changed:  target\cljsbuild\public\js\out\krypto\core.js
[0mCompiling "target/cljsbuild/public/js/app.js" from ["src/cljs" "src/cljc" "env/dev/cljs"]...[0m
[32mSuccessfully compiled "target/cljsbuild/public/js/app.js" in 0.754 seconds.[0m
notifying browser that file changed:  target\cljsbuild\public\js\out\krypto\core.js
[0mCompiling "target/cljsbuild/public/js/app.js" from ["src/cljs" "src/cljc" "env/dev/cljs"]...[0m
[32mSuccessfully compiled "target/cljsbuild/public/js/app.js" in 0.76 seconds.[0m
notifying browser that file changed:  target\cljsbuild\public\js\out\krypto\core.js
[0mCompiling "target/cljsbuild/public/js/app.js" from ["src/cljs" "src/cljc" "env/dev/cljs"]...[0m
[31mFailed to compile "target/cljsbuild/public/js/app.js" in 0.443 seconds.[0m
[36m----  Could not Analyze  src/cljs/krypto/core.cljs   line:42  column:1  ----[0m

  [1m at line 42 E:\Play\helloclojure\krypto\src\cljs\krypto\core.cljs[0m

  [36m41[0m  [36m; I don't really want to create this but I can't find another way to specify the React Key[0m
  [33m42[0m  [1m(defui PlayCard[0m
  [0m  [0m  [33m^---  at line 42 E:\Play\helloclojure\krypto\src\cljs\krypto\core.cljs[0m
  [36m43[0m  [36m  (query [this][0m
  [36m44[0m  [36m         '[{:keys this}])[0m
  [36m45[0m  [36m  Object[0m

[36m----  Analysis Error : Please see src/cljs/krypto/core.cljs  ----[0m
[0mCompiling "target/cljsbuild/public/js/app.js" from ["src/cljs" "src/cljc" "env/dev/cljs"]...[0m
[31mFailed to compile "target/cljsbuild/public/js/app.js" in 0.451 seconds.[0m
[36m----  Could not Analyze  src/cljs/krypto/core.cljs   line:42  column:1  ----[0m

  [1m at line 42 E:\Play\helloclojure\krypto\src\cljs\krypto\core.cljs[0m

  [36m41[0m  [36m; I don't really want to create this but I can't find another way to specify the React Key[0m
  [33m42[0m  [1m(defui PlayCard[0m
  [0m  [0m  [33m^---  at line 42 E:\Play\helloclojure\krypto\src\cljs\krypto\core.cljs[0m
  [36m43[0m  [36m  (query [this][0m
  [36m44[0m  [36m         '[{:keys this}])[0m
  [36m45[0m  [36m  Object[0m

[36m----  Analysis Error : Please see src/cljs/krypto/core.cljs  ----[0m
[0mCompiling "target/cljsbuild/public/js/app.js" from ["src/cljs" "src/cljc" "env/dev/cljs"]...[0m
[31mFailed to compile "target/cljsbuild/public/js/app.js" in 0.411 seconds.[0m
[36m----  Could not Analyze  src/cljs/krypto/core.cljs   line:42  column:1  ----[0m

  [1m at line 42 E:\Play\helloclojure\krypto\src\cljs\krypto\core.cljs[0m

  [36m41[0m  [36m; I don't really want to create this but I can't find another way to specify the React Key[0m
  [33m42[0m  [1m(defui PlayCard[0m
  [0m  [0m  [33m^---  at line 42 E:\Play\helloclojure\krypto\src\cljs\krypto\core.cljs[0m
  [36m43[0m  [36m  (query [this][0m
  [36m44[0m  [36m         [{:keys this}])[0m
  [36m45[0m  [36m  Object[0m

[36m----  Analysis Error : Please see src/cljs/krypto/core.cljs  ----[0m
[0mCompiling "target/cljsbuild/public/js/app.js" from ["src/cljs" "src/cljc" "env/dev/cljs"]...[0m
[32mSuccessfully compiled "target/cljsbuild/public/js/app.js" in 0.775 seconds.[0m
notifying browser that file changed:  target\cljsbuild\public\js\out\krypto\core.js
[0mCompiling "target/cljsbuild/public/js/app.js" from ["src/cljs" "src/cljc" "env/dev/cljs"]...[0m
[32mSuccessfully compiled "target/cljsbuild/public/js/app.js" in 0.796 seconds.[0m
notifying browser that file changed:  target\cljsbuild\public\js\out\krypto\core.js
[0mCompiling "target/cljsbuild/public/js/app.js" from ["src/cljs" "src/cljc" "env/dev/cljs"]...[0m
[32mSuccessfully compiled "target/cljsbuild/public/js/app.js" in 0.814 seconds.[0m
notifying browser that file changed:  target\cljsbuild\public\js\out\krypto\core.js
[0mCompiling "target/cljsbuild/public/js/app.js" from ["src/cljs" "src/cljc" "env/dev/cljs"]...[0m
[32mSuccessfully compiled "target/cljsbuild/public/js/app.js" in 0.804 seconds.[0m
notifying browser that file changed:  target\cljsbuild\public\js\out\krypto\core.js
[0mCompiling "target/cljsbuild/public/js/app.js" from ["src/cljs" "src/cljc" "env/dev/cljs"]...[0m
[32mSuccessfully compiled "target/cljsbuild/public/js/app.js" in 0.768 seconds.[0m
notifying browser that file changed:  target\cljsbuild\public\js\out\krypto\core.js
[0mCompiling "target/cljsbuild/public/js/app.js" from ["src/cljs" "src/cljc" "env/dev/cljs"]...[0m
[32mSuccessfully compiled "target/cljsbuild/public/js/app.js" in 0.766 seconds.[0m
notifying browser that file changed:  target\cljsbuild\public\js\out\krypto\core.js
[0mCompiling "target/cljsbuild/public/js/app.js" from ["src/cljs" "src/cljc" "env/dev/cljs"]...[0m
[32mSuccessfully compiled "target/cljsbuild/public/js/app.js" in 0.764 seconds.[0m
notifying browser that file changed:  target\cljsbuild\public\js\out\krypto\core.js
[0mCompiling "target/cljsbuild/public/js/app.js" from ["src/cljs" "src/cljc" "env/dev/cljs"]...[0m
[31mFailed to compile "target/cljsbuild/public/js/app.js" in 0.437 seconds.[0m
[36m----  Could not Analyze  src/cljs/krypto/core.cljs   line:66  column:25  ----[0m

  [1mlet requires an even number of forms in binding vector[0m

  [36m64[0m  [36m(dom/li #js {:className "card-first"} "Cards:")[0m
  [36m65[0m  [36m(map (fn [card][0m
  [33m66[0m  [1m       (let [{:keys [value] :as card}][0m
  [0m  [0m  [33m       ^--- let requires an even number of forms in binding vector[0m
  [36m67[0m  [36m         (dom/li #js {:className "card"[0m
  [36m68[0m  [36m                      :onClick[0m
  [36m69[0m  [36m                      (fn [e][0m

[36m----  Analysis Error : Please see src/cljs/krypto/core.cljs  ----[0m
[0mCompiling "target/cljsbuild/public/js/app.js" from ["src/cljs" "src/cljc" "env/dev/cljs"]...[0m
[32mSuccessfully compiled "target/cljsbuild/public/js/app.js" in 0.742 seconds.[0m
notifying browser that file changed:  target\cljsbuild\public\js\out\krypto\core.js
[0mCompiling "target/cljsbuild/public/js/app.js" from ["src/cljs" "src/cljc" "env/dev/cljs"]...[0m
[32mSuccessfully compiled "target/cljsbuild/public/js/app.js" in 0.772 seconds.[0m
notifying browser that file changed:  target\cljsbuild\public\js\out\krypto\core.js
[0mCompiling "target/cljsbuild/public/js/app.js" from ["src/cljs" "src/cljc" "env/dev/cljs"]...[0m
[36m----  Compiler Warning on   src/cljs/krypto/core.cljs   line:60  column:10  ----[0m

  [1mWrong number of args (0) passed to :cards[0m

  [36m57[0m  [36m(defui Cards[0m
  [36m58[0m  [36m  static om/IQuery[0m
  [36m59[0m  [36m  (query [this][0m
  [33m60[0m  [1m         (:cards))[0m
  [0m  [0m  [33m         ^--- Wrong number of args (0) passed to :cards[0m
  [36m61[0m  [36m  Object[0m
  [36m62[0m  [36m  (render [this][0m
  [36m63[0m  [36m          (apply dom/ul #js {:className "hlist"}[0m
  [36m64[0m  [36m                 (dom/li #js {:className "card-first"} "Cards:")[0m
  [36m65[0m  [36m                 (map (fn [card][0m

[36m----  Compiler Warning : Please see src/cljs/krypto/core.cljs  ----[0m
[36m----  Compiler Warning on   src/cljs/krypto/core.cljs   line:60  column:10  ----[0m

  [1mWrong number of args (0) passed to :cards[0m

  [36m57[0m  [36m(defui Cards[0m
  [36m58[0m  [36m  static om/IQuery[0m
  [36m59[0m  [36m  (query [this][0m
  [33m60[0m  [1m         (:cards))[0m
  [0m  [0m  [33m         ^--- Wrong number of args (0) passed to :cards[0m
  [36m61[0m  [36m  Object[0m
  [36m62[0m  [36m  (render [this][0m
  [36m63[0m  [36m          (apply dom/ul #js {:className "hlist"}[0m
  [36m64[0m  [36m                 (dom/li #js {:className "card-first"} "Cards:")[0m
  [36m65[0m  [36m                 (map (fn [card][0m

[36m----  Compiler Warning : Please see src/cljs/krypto/core.cljs  ----[0m
[32mSuccessfully compiled "target/cljsbuild/public/js/app.js" in 0.864 seconds.[0m
notifying browser that file changed:  target\cljsbuild\public\js\out\krypto\core.js
[0mCompiling "target/cljsbuild/public/js/app.js" from ["src/cljs" "src/cljc" "env/dev/cljs"]...[0m
[32mSuccessfully compiled "target/cljsbuild/public/js/app.js" in 0.752 seconds.[0m
notifying browser that file changed:  target\cljsbuild\public\js\out\krypto\core.js
[0mCompiling "target/cljsbuild/public/js/app.js" from ["src/cljs" "src/cljc" "env/dev/cljs"]...[0m
[32mSuccessfully compiled "target/cljsbuild/public/js/app.js" in 0.746 seconds.[0m
notifying browser that file changed:  target\cljsbuild\public\js\out\krypto\core.js
[0mCompiling "target/cljsbuild/public/js/app.js" from ["src/cljs" "src/cljc" "env/dev/cljs"]...[0m
[32mSuccessfully compiled "target/cljsbuild/public/js/app.js" in 0.752 seconds.[0m
notifying browser that file changed:  target\cljsbuild\public\js\out\krypto\core.js
[0mCompiling "target/cljsbuild/public/js/app.js" from ["src/cljs" "src/cljc" "env/dev/cljs"]...[0m
[32mSuccessfully compiled "target/cljsbuild/public/js/app.js" in 0.748 seconds.[0m
notifying browser that file changed:  target\cljsbuild\public\js\out\krypto\core.js
[0mCompiling "target/cljsbuild/public/js/app.js" from ["src/cljs" "src/cljc" "env/dev/cljs"]...[0m
[32mSuccessfully compiled "target/cljsbuild/public/js/app.js" in 0.912 seconds.[0m
notifying browser that file changed:  target\cljsbuild\public\js\out\krypto\core.js
[0mCompiling "target/cljsbuild/public/js/app.js" from ["src/cljs" "src/cljc" "env/dev/cljs"]...[0m
[32mSuccessfully compiled "target/cljsbuild/public/js/app.js" in 0.43 seconds.[0m
notifying browser that file changed:  target\cljsbuild\public\js\out\krypto\core.js
[0mCompiling "target/cljsbuild/public/js/app.js" from ["src/cljs" "src/cljc" "env/dev/cljs"]...[0m
[32mSuccessfully compiled "target/cljsbuild/public/js/app.js" in 0.78 seconds.[0m
notifying browser that file changed:  target\cljsbuild\public\js\out\krypto\core.js
[0mCompiling "target/cljsbuild/public/js/app.js" from ["src/cljs" "src/cljc" "env/dev/cljs"]...[0m
[32mSuccessfully compiled "target/cljsbuild/public/js/app.js" in 0.77 seconds.[0m
notifying browser that file changed:  target\cljsbuild\public\js\out\krypto\core.js
[0mCompiling "target/cljsbuild/public/js/app.js" from ["src/cljs" "src/cljc" "env/dev/cljs"]...[0m
[32mSuccessfully compiled "target/cljsbuild/public/js/app.js" in 0.795 seconds.[0m
notifying browser that file changed:  target\cljsbuild\public\js\out\krypto\core.js
[0mCompiling "target/cljsbuild/public/js/app.js" from ["src/cljs" "src/cljc" "env/dev/cljs"]...[0m
[36m----  Compiler Warning on   src/cljs/krypto/core.cljs   line:98  column:1  ----[0m

  [1mBad method signature in protocol implementation, om/IQuery query does not declare arity 2[0m

  [36m 94[0m  [36m                 (map boarditem (om/props this)))))[0m
  [36m 95[0m  [36m[0m
  [36m 96[0m  [36m(def boardview (om/factory Board))[0m
  [36m 97[0m  [36m[0m
  [33m 98[0m  [1m(defui ^:once App[0m
  [0m   [0m  [33m^--- Bad method signature in protocol implementation, om/IQuery query does not declare arity 2[0m
  [36m 99[0m  [36m  static om/IQuery[0m
  [36m100[0m  [36m  (query [:board :cards])[0m
  [36m101[0m  [36m  Object[0m
  [36m102[0m  [36m  (render [this][0m
  [36m103[0m  [36m          (dom/div #js {:className "App"}[0m

[36m----  Compiler Warning : Please see src/cljs/krypto/core.cljs  ----[0m
[31mFailed to compile "target/cljsbuild/public/js/app.js" in 0.577 seconds.[0m
[36m----  Could not Analyze  src/cljs/krypto/core.cljs   line:98  column:1  ----[0m

  [1mclojure.lang.Keyword cannot be cast to clojure.lang.IObj[0m

  [36m 96[0m  [36m(def boardview (om/factory Board))[0m
  [36m 97[0m  [36m[0m
  [33m 98[0m  [1m(defui ^:once App[0m
  [0m   [0m  [33m^--- clojure.lang.Keyword cannot be cast to clojure.lang.IObj[0m
  [36m 99[0m  [36m  static om/IQuery[0m
  [36m100[0m  [36m  (query [:board :cards])[0m
  [36m101[0m  [36m  Object[0m

[36m----  Analysis Error : Please see src/cljs/krypto/core.cljs  ----[0m
[0mCompiling "target/cljsbuild/public/js/app.js" from ["src/cljs" "src/cljc" "env/dev/cljs"]...[0m
[32mSuccessfully compiled "target/cljsbuild/public/js/app.js" in 0.766 seconds.[0m
notifying browser that file changed:  target\cljsbuild\public\js\out\krypto\core.js
[0mCompiling "target/cljsbuild/public/js/app.js" from ["src/cljs" "src/cljc" "env/dev/cljs"]...[0m
[32mSuccessfully compiled "target/cljsbuild/public/js/app.js" in 0.764 seconds.[0m
notifying browser that file changed:  target\cljsbuild\public\js\out\krypto\core.js
[0mCompiling "target/cljsbuild/public/js/app.js" from ["src/cljs" "src/cljc" "env/dev/cljs"]...[0m
[32mSuccessfully compiled "target/cljsbuild/public/js/app.js" in 0.92 seconds.[0m
notifying browser that file changed:  target\cljsbuild\public\js\out\krypto\core.js
[0mCompiling "target/cljsbuild/public/js/app.js" from ["src/cljs" "src/cljc" "env/dev/cljs"]...[0m
[32mSuccessfully compiled "target/cljsbuild/public/js/app.js" in 0.437 seconds.[0m
notifying browser that file changed:  target\cljsbuild\public\js\out\krypto\core.js
[0mCompiling "target/cljsbuild/public/js/app.js" from ["src/cljs" "src/cljc" "env/dev/cljs"]...[0m
[32mSuccessfully compiled "target/cljsbuild/public/js/app.js" in 0.75 seconds.[0m
notifying browser that file changed:  target\cljsbuild\public\js\out\krypto\core.js
[0mCompiling "target/cljsbuild/public/js/app.js" from ["src/cljs" "src/cljc" "env/dev/cljs"]...[0m
[32mSuccessfully compiled "target/cljsbuild/public/js/app.js" in 0.733 seconds.[0m
notifying browser that file changed:  target\cljsbuild\public\js\out\krypto\core.js
[0mCompiling "target/cljsbuild/public/js/app.js" from ["src/cljs" "src/cljc" "env/dev/cljs"]...[0m
[32mSuccessfully compiled "target/cljsbuild/public/js/app.js" in 0.866 seconds.[0m
notifying browser that file changed:  target\cljsbuild\public\js\out\krypto\core.js
[0mCompiling "target/cljsbuild/public/js/app.js" from ["src/cljs" "src/cljc" "env/dev/cljs"]...[0m
[32mSuccessfully compiled "target/cljsbuild/public/js/app.js" in 0.733 seconds.[0m
notifying browser that file changed:  target\cljsbuild\public\js\out\krypto\core.js
[0mCompiling "target/cljsbuild/public/js/app.js" from ["src/cljs" "src/cljc" "env/dev/cljs"]...[0m
[32mSuccessfully compiled "target/cljsbuild/public/js/app.js" in 0.655 seconds.[0m
notifying browser that file changed:  target\cljsbuild\public\js\out\krypto\core.js
[0mCompiling "target/cljsbuild/public/js/app.js" from ["src/cljs" "src/cljc" "env/dev/cljs"]...[0m
[32mSuccessfully compiled "target/cljsbuild/public/js/app.js" in 0.798 seconds.[0m
notifying browser that file changed:  target\cljsbuild\public\js\out\krypto\core.js
[0mCompiling "target/cljsbuild/public/js/app.js" from ["src/cljs" "src/cljc" "env/dev/cljs"]...[0m
[32mSuccessfully compiled "target/cljsbuild/public/js/app.js" in 0.552 seconds.[0m
notifying browser that file changed:  target\cljsbuild\public\js\out\krypto\core.js
[0mCompiling "target/cljsbuild/public/js/app.js" from ["src/cljs" "src/cljc" "env/dev/cljs"]...[0m
[32mSuccessfully compiled "target/cljsbuild/public/js/app.js" in 0.787 seconds.[0m
notifying browser that file changed:  target\cljsbuild\public\js\out\krypto\core.js
[0mCompiling "target/cljsbuild/public/js/app.js" from ["src/cljs" "src/cljc" "env/dev/cljs"]...[0m
[32mSuccessfully compiled "target/cljsbuild/public/js/app.js" in 0.431 seconds.[0m
notifying browser that file changed:  target\cljsbuild\public\js\out\krypto\core.js
[0mCompiling "target/cljsbuild/public/js/app.js" from ["src/cljs" "src/cljc" "env/dev/cljs"]...[0m
[32mSuccessfully compiled "target/cljsbuild/public/js/app.js" in 0.731 seconds.[0m
notifying browser that file changed:  target\cljsbuild\public\js\out\krypto\core.js
[0mCompiling "target/cljsbuild/public/js/app.js" from ["src/cljs" "src/cljc" "env/dev/cljs"]...[0m
[32mSuccessfully compiled "target/cljsbuild/public/js/app.js" in 0.814 seconds.[0m
notifying browser that file changed:  target\cljsbuild\public\js\out\krypto\core.js
[0mCompiling "target/cljsbuild/public/js/app.js" from ["src/cljs" "src/cljc" "env/dev/cljs"]...[0m
[32mSuccessfully compiled "target/cljsbuild/public/js/app.js" in 0.597 seconds.[0m
notifying browser that file changed:  target\cljsbuild\public\js\out\krypto\core.js
